<?xml version="1.0" encoding="UTF-8"?>
<!-- Generated by org.testng.reporters.JUnitXMLReporter -->
<testsuite ignored="2" hostname="LAPTOP-0VHLILOQ" failures="0" tests="2" name="Test2" time="15.256" errors="0" timestamp="2022-11-11T10:29:52 IST">
  <testcase classname="PomScripts.AddNomineeScript" name="AddNominee" time="7.763"/>
  <testcase classname="PomScripts.AddPaymentScript" name="AddPayment" time="2.855"/>
  <testcase classname="com.LifeInsuranceManagementSystem.GenericUtilities.BaseClass" name="@AfterSuite lala" time="0.0">
    <ignored/>
  </testcase> <!-- @AfterSuite lala -->
  <testcase classname="com.LifeInsuranceManagementSystem.GenericUtilities.BaseClass" name="@BeforeSuite connectToDB" time="0.0">
    <ignored/>
  </testcase> <!-- @BeforeSuite connectToDB -->
</testsuite> <!-- Test2 -->
