<?xml version="1.0" encoding="UTF-8"?>
<!-- Generated by org.testng.reporters.JUnitXMLReporter -->
<testsuite ignored="2" hostname="LAPTOP-0VHLILOQ" failures="1" tests="2" name="Test" time="7.715" errors="0" timestamp="2022-11-15T16:56:03 IST">
  <testcase classname="PomScripts.AddClientScript" name="AddClient" time="0.021">
    <failure type="java.lang.AssertionError" message="null">
      <![CDATA[java.lang.AssertionError: null
at PomScripts.AddClientScript.AddClient(AddClientScript.java:66)
at java.base/java.util.ArrayList.forEach(ArrayList.java:1511)
... Removed 29 stack frames]]>
    </failure>
  </testcase> <!-- AddClient -->
  <testcase classname="PomScripts.AddPaymentScript" name="AddPayment" time="3.506"/>
  <testcase classname="com.LifeInsuranceManagementSystem.GenericUtilities.BaseClass" name="@AfterSuite lala" time="0.0">
    <ignored/>
  </testcase> <!-- @AfterSuite lala -->
  <testcase classname="com.LifeInsuranceManagementSystem.GenericUtilities.BaseClass" name="@BeforeSuite connectToDB" time="0.0">
    <ignored/>
  </testcase> <!-- @BeforeSuite connectToDB -->
</testsuite> <!-- Test -->
