<?xml version="1.0" encoding="UTF-8"?>
<!-- Generated by org.testng.reporters.JUnitXMLReporter -->
<testsuite ignored="2" hostname="LAPTOP-0VHLILOQ" failures="0" tests="2" name="Test1" time="10.094" errors="0" timestamp="2022-11-11T10:29:47 IST">
  <testcase classname="PomScripts.AddClientScript" name="AddClient" time="5.238"/>
  <testcase classname="PomScripts.LoginPageScript" name="Login" time="0.003"/>
  <testcase classname="com.LifeInsuranceManagementSystem.GenericUtilities.BaseClass" name="@AfterSuite lala" time="0.0">
    <ignored/>
  </testcase> <!-- @AfterSuite lala -->
  <testcase classname="com.LifeInsuranceManagementSystem.GenericUtilities.BaseClass" name="@BeforeSuite connectToDB" time="0.0">
    <ignored/>
  </testcase> <!-- @BeforeSuite connectToDB -->
</testsuite> <!-- Test1 -->
